TN:
SF:/Users/bob/WebstormProjects/ui-listView/src/ui-listView.js
FN:9,(anonymous_1)
FN:9,defineProperties
FN:9,(anonymous_3)
FN:11,_classCallCheck
FN:23,safeDigest
FN:38,(anonymous_6)
FN:39,UIListView
FN:54,setOptions
FN:69,reload
FN:91,requestOffsetUpdate
FN:99,(anonymous_11)
FN:114,updateRowOffsets
FN:142,updateCells
FN:184,updateAnchor
FN:201,updateRange
FN:251,setViewport
FN:266,layout
FN:282,getScrollHeight
FN:296,getCellStyle
FN:309,_addDefaultOptions
FN:325,_clear
FN:345,_rebuildRows
FN:375,_findVisibleRowIndex
FN:403,_callDelegate
FN:422,_callCellDelegate
FN:434,(anonymous_26)
FN:452,compile
FN:460,(anonymous_28)
FN:465,getItemIdentifier
FN:469,throttle
FN:479,updateListView
FN:483,(anonymous_32)
FN:489,(anonymous_33)
FN:491,(anonymous_34)
FN:499,(anonymous_35)
FN:501,(anonymous_36)
FN:505,handleScroll
FN:512,(anonymous_38)
FN:523,handleResize
FN:528,(anonymous_40)
FNF:40
FNH:26
FNDA:1,(anonymous_1)
FNDA:1,defineProperties
FNDA:1,(anonymous_3)
FNDA:9,_classCallCheck
FNDA:0,safeDigest
FNDA:1,(anonymous_6)
FNDA:9,UIListView
FNDA:16,setOptions
FNDA:25,reload
FNDA:0,requestOffsetUpdate
FNDA:0,(anonymous_11)
FNDA:0,updateRowOffsets
FNDA:0,updateCells
FNDA:16,updateAnchor
FNDA:16,updateRange
FNDA:16,setViewport
FNDA:16,layout
FNDA:16,getScrollHeight
FNDA:0,getCellStyle
FNDA:16,_addDefaultOptions
FNDA:18,_clear
FNDA:25,_rebuildRows
FNDA:16,_findVisibleRowIndex
FNDA:0,_callDelegate
FNDA:0,_callCellDelegate
FNDA:10,(anonymous_26)
FNDA:10,compile
FNDA:7,(anonymous_28)
FNDA:0,getItemIdentifier
FNDA:0,throttle
FNDA:14,updateListView
FNDA:7,(anonymous_32)
FNDA:14,(anonymous_33)
FNDA:7,(anonymous_34)
FNDA:14,(anonymous_35)
FNDA:7,(anonymous_36)
FNDA:0,handleScroll
FNDA:0,(anonymous_38)
FNDA:0,handleResize
FNDA:0,(anonymous_40)
DA:9,17
DA:11,9
DA:13,1
DA:15,1
DA:16,1
DA:23,1
DA:24,0
DA:25,0
DA:38,1
DA:39,1
DA:40,9
DA:42,9
DA:43,9
DA:52,1
DA:55,16
DA:56,16
DA:57,16
DA:58,16
DA:70,25
DA:71,18
DA:72,18
DA:74,7
DA:76,25
DA:77,0
DA:79,25
DA:92,0
DA:94,0
DA:95,0
DA:96,0
DA:99,0
DA:100,0
DA:101,0
DA:104,0
DA:115,0
DA:116,0
DA:117,0
DA:118,0
DA:119,0
DA:121,0
DA:122,0
DA:123,0
DA:125,0
DA:126,0
DA:127,0
DA:128,0
DA:129,0
DA:131,0
DA:133,0
DA:143,0
DA:144,0
DA:145,0
DA:146,0
DA:147,0
DA:148,0
DA:151,0
DA:152,0
DA:155,0
DA:156,0
DA:157,0
DA:158,0
DA:159,0
DA:160,0
DA:162,0
DA:163,0
DA:165,0
DA:166,0
DA:167,0
DA:168,0
DA:169,0
DA:170,0
DA:171,0
DA:173,0
DA:174,0
DA:185,16
DA:186,16
DA:187,16
DA:188,14
DA:189,14
DA:191,16
DA:202,16
DA:203,16
DA:204,16
DA:206,16
DA:207,16
DA:209,16
DA:210,16
DA:211,16
DA:213,16
DA:215,16
DA:217,16
DA:218,16
DA:219,16
DA:220,16
DA:221,16
DA:222,16
DA:225,16
DA:226,16
DA:227,16
DA:228,16
DA:229,16
DA:232,16
DA:235,16
DA:240,16
DA:252,16
DA:256,16
DA:267,16
DA:268,16
DA:269,0
DA:270,0
DA:272,16
DA:283,16
DA:284,16
DA:285,16
DA:297,0
DA:310,16
DA:311,16
DA:312,15
DA:326,18
DA:327,18
DA:328,9
DA:330,18
DA:331,18
DA:346,25
DA:347,25
DA:348,25
DA:350,25
DA:351,28
DA:352,28
DA:353,28
DA:358,28
DA:359,28
DA:360,28
DA:361,28
DA:376,16
DA:377,16
DA:378,16
DA:379,16
DA:380,16
DA:383,16
DA:384,16
DA:387,16
DA:388,0
DA:389,0
DA:390,0
DA:391,0
DA:392,0
DA:394,0
DA:396,0
DA:399,16
DA:404,0
DA:405,0
DA:406,0
DA:423,0
DA:424,0
DA:425,0
DA:430,1
DA:433,1
DA:434,1
DA:442,10
DA:453,10
DA:454,10
DA:455,3
DA:457,7
DA:458,7
DA:460,7
DA:461,7
DA:463,7
DA:466,0
DA:470,0
DA:471,0
DA:479,1
DA:480,14
DA:483,7
DA:484,7
DA:487,7
DA:488,7
DA:489,7
DA:490,14
DA:492,7
DA:493,7
DA:499,7
DA:500,14
DA:502,7
DA:505,1
DA:506,0
DA:507,0
DA:508,0
DA:509,0
DA:511,0
DA:512,0
DA:513,0
DA:514,0
DA:518,7
DA:523,1
DA:524,0
DA:526,7
DA:528,7
DA:529,0
LF:198
LH:118
BRDA:9,1,0,17
BRDA:9,1,1,17
BRDA:9,2,0,17
BRDA:9,2,1,0
BRDA:9,3,0,1
BRDA:9,3,1,0
BRDA:9,4,0,0
BRDA:9,4,1,1
BRDA:11,5,0,0
BRDA:11,5,1,9
BRDA:24,6,0,0
BRDA:24,6,1,0
BRDA:70,7,0,18
BRDA:70,7,1,7
BRDA:70,8,0,25
BRDA:70,8,1,18
BRDA:70,8,2,7
BRDA:76,9,0,0
BRDA:76,9,1,25
BRDA:95,10,0,0
BRDA:95,10,1,0
BRDA:115,11,0,0
BRDA:115,11,1,0
BRDA:117,12,0,0
BRDA:117,12,1,0
BRDA:128,13,0,0
BRDA:128,13,1,0
BRDA:151,14,0,0
BRDA:151,14,1,0
BRDA:151,15,0,0
BRDA:151,15,1,0
BRDA:159,16,0,0
BRDA:159,16,1,0
BRDA:162,17,0,0
BRDA:162,17,1,0
BRDA:170,18,0,0
BRDA:170,18,1,0
BRDA:187,19,0,14
BRDA:187,19,1,2
BRDA:217,20,0,32
BRDA:217,20,1,16
BRDA:218,21,0,16
BRDA:218,21,1,0
BRDA:220,22,0,16
BRDA:220,22,1,0
BRDA:220,23,0,16
BRDA:220,23,1,0
BRDA:225,24,0,16
BRDA:225,24,1,0
BRDA:227,25,0,16
BRDA:227,25,1,0
BRDA:227,26,0,16
BRDA:227,26,1,0
BRDA:240,27,0,16
BRDA:240,27,1,16
BRDA:268,28,0,0
BRDA:268,28,1,16
BRDA:285,29,0,0
BRDA:285,29,1,16
BRDA:311,30,0,15
BRDA:311,30,1,1
BRDA:311,31,0,16
BRDA:311,31,1,15
BRDA:327,32,0,9
BRDA:327,32,1,9
BRDA:327,33,0,18
BRDA:327,33,1,9
BRDA:352,34,0,28
BRDA:352,34,1,0
BRDA:383,35,0,16
BRDA:383,35,1,0
BRDA:387,36,0,16
BRDA:387,36,1,16
BRDA:389,37,0,0
BRDA:389,37,1,0
BRDA:391,38,0,0
BRDA:391,38,1,0
BRDA:405,39,0,0
BRDA:405,39,1,0
BRDA:424,40,0,0
BRDA:424,40,1,0
BRDA:454,41,0,3
BRDA:454,41,1,7
BRDA:484,42,0,7
BRDA:484,42,1,4
BRDA:490,43,0,14
BRDA:490,43,1,0
BRDA:506,44,0,0
BRDA:506,44,1,0
BRF:89
BRH:43
end_of_record
TN:
SF:/Users/bob/WebstormProjects/ui-listView/src/ui-listViewAnchor.js
FN:11,(anonymous_1)
FN:15,link
FN:19,updateAnchor
FNF:3
FNH:3
FNDA:7,(anonymous_1)
FNDA:7,link
FNDA:14,updateAnchor
DA:11,1
DA:13,7
DA:16,7
DA:18,7
DA:20,14
LF:5
LH:5
BRF:0
BRH:0
end_of_record
TN:
SF:/Users/bob/WebstormProjects/ui-listView/src/ui-listViewCell.js
FN:17,(anonymous_1)
FN:21,link
FN:26,(anonymous_3)
FN:34,updateOffset
FN:38,updateSize
FN:48,updateRow
FN:56,(anonymous_7)
FN:58,(anonymous_8)
FNF:8
FNH:1
FNDA:7,(anonymous_1)
FNDA:0,link
FNDA:0,(anonymous_3)
FNDA:0,updateOffset
FNDA:0,updateSize
FNDA:0,updateRow
FNDA:0,(anonymous_7)
FNDA:0,(anonymous_8)
DA:17,1
DA:19,7
DA:22,0
DA:23,0
DA:24,0
DA:26,0
DA:27,0
DA:28,0
DA:29,0
DA:30,0
DA:31,0
DA:34,1
DA:35,0
DA:38,1
DA:39,0
DA:40,0
DA:41,0
DA:43,0
DA:44,0
DA:48,1
DA:49,0
DA:50,0
DA:51,0
DA:52,0
DA:53,0
DA:56,0
DA:57,0
DA:59,0
DA:62,0
DA:67,0
LF:30
LH:5
BRDA:41,1,0,0
BRDA:41,1,1,0
BRF:2
BRH:0
end_of_record
