TN:
SF:/Users/bob/WebstormProjects/ui-listView/src/ui-listView.js
FN:9,(anonymous_1)
FN:9,defineProperties
FN:9,(anonymous_3)
FN:11,_classCallCheck
FN:23,safeDigest
FN:38,(anonymous_6)
FN:39,UIListView
FN:54,setOptions
FN:69,reload
FN:91,requestOffsetUpdate
FN:99,(anonymous_11)
FN:114,updateRowOffsets
FN:145,updateCells
FN:187,updateAnchor
FN:204,updateRange
FN:254,setViewport
FN:269,layout
FN:285,getScrollHeight
FN:299,getCellStyle
FN:312,_addDefaultOptions
FN:328,_clear
FN:348,_rebuildRows
FN:378,_findVisibleRowIndex
FN:406,_callDelegate
FN:425,_callCellDelegate
FN:437,(anonymous_26)
FN:455,compile
FN:463,(anonymous_28)
FN:468,getItemIdentifier
FN:472,throttle
FN:482,updateListView
FN:486,(anonymous_32)
FN:492,(anonymous_33)
FN:494,(anonymous_34)
FN:502,(anonymous_35)
FN:504,(anonymous_36)
FN:508,handleScroll
FN:515,(anonymous_38)
FN:526,handleResize
FN:531,(anonymous_40)
FNF:40
FNH:26
FNDA:1,(anonymous_1)
FNDA:1,defineProperties
FNDA:1,(anonymous_3)
FNDA:9,_classCallCheck
FNDA:0,safeDigest
FNDA:1,(anonymous_6)
FNDA:9,UIListView
FNDA:16,setOptions
FNDA:25,reload
FNDA:0,requestOffsetUpdate
FNDA:0,(anonymous_11)
FNDA:0,updateRowOffsets
FNDA:0,updateCells
FNDA:16,updateAnchor
FNDA:16,updateRange
FNDA:16,setViewport
FNDA:16,layout
FNDA:16,getScrollHeight
FNDA:0,getCellStyle
FNDA:16,_addDefaultOptions
FNDA:18,_clear
FNDA:25,_rebuildRows
FNDA:16,_findVisibleRowIndex
FNDA:0,_callDelegate
FNDA:0,_callCellDelegate
FNDA:10,(anonymous_26)
FNDA:10,compile
FNDA:7,(anonymous_28)
FNDA:0,getItemIdentifier
FNDA:0,throttle
FNDA:14,updateListView
FNDA:7,(anonymous_32)
FNDA:14,(anonymous_33)
FNDA:7,(anonymous_34)
FNDA:14,(anonymous_35)
FNDA:7,(anonymous_36)
FNDA:0,handleScroll
FNDA:0,(anonymous_38)
FNDA:0,handleResize
FNDA:0,(anonymous_40)
DA:9,17
DA:11,9
DA:13,1
DA:15,1
DA:16,1
DA:23,1
DA:24,0
DA:25,0
DA:38,1
DA:39,1
DA:40,9
DA:42,9
DA:43,9
DA:52,1
DA:55,16
DA:56,16
DA:57,16
DA:58,16
DA:70,25
DA:71,18
DA:72,18
DA:74,7
DA:76,25
DA:77,0
DA:79,25
DA:92,0
DA:94,0
DA:95,0
DA:96,0
DA:99,0
DA:100,0
DA:101,0
DA:104,0
DA:115,0
DA:116,0
DA:117,0
DA:118,0
DA:120,0
DA:121,0
DA:122,0
DA:123,0
DA:125,0
DA:126,0
DA:128,0
DA:129,0
DA:130,0
DA:131,0
DA:132,0
DA:134,0
DA:136,0
DA:146,0
DA:147,0
DA:148,0
DA:149,0
DA:150,0
DA:151,0
DA:154,0
DA:155,0
DA:158,0
DA:159,0
DA:160,0
DA:161,0
DA:162,0
DA:163,0
DA:165,0
DA:166,0
DA:168,0
DA:169,0
DA:170,0
DA:171,0
DA:172,0
DA:173,0
DA:174,0
DA:176,0
DA:177,0
DA:188,16
DA:189,16
DA:190,16
DA:191,14
DA:192,14
DA:194,16
DA:205,16
DA:206,16
DA:207,16
DA:209,16
DA:210,16
DA:212,16
DA:213,16
DA:214,16
DA:216,16
DA:218,16
DA:220,16
DA:221,16
DA:222,16
DA:223,16
DA:224,16
DA:225,16
DA:228,16
DA:229,16
DA:230,16
DA:231,16
DA:232,16
DA:235,16
DA:238,16
DA:243,16
DA:255,16
DA:259,16
DA:270,16
DA:271,16
DA:272,0
DA:273,0
DA:275,16
DA:286,16
DA:287,16
DA:288,16
DA:300,0
DA:313,16
DA:314,16
DA:315,15
DA:329,18
DA:330,18
DA:331,9
DA:333,18
DA:334,18
DA:349,25
DA:350,25
DA:351,25
DA:353,25
DA:354,28
DA:355,28
DA:356,28
DA:361,28
DA:362,28
DA:363,28
DA:364,28
DA:379,16
DA:380,16
DA:381,16
DA:382,16
DA:383,16
DA:386,16
DA:387,16
DA:390,16
DA:391,0
DA:392,0
DA:393,0
DA:394,0
DA:395,0
DA:397,0
DA:399,0
DA:402,16
DA:407,0
DA:408,0
DA:409,0
DA:426,0
DA:427,0
DA:428,0
DA:433,1
DA:436,1
DA:437,1
DA:445,10
DA:456,10
DA:457,10
DA:458,3
DA:460,7
DA:461,7
DA:463,7
DA:464,7
DA:466,7
DA:469,0
DA:473,0
DA:474,0
DA:482,1
DA:483,14
DA:486,7
DA:487,7
DA:490,7
DA:491,7
DA:492,7
DA:493,14
DA:495,7
DA:496,7
DA:502,7
DA:503,14
DA:505,7
DA:508,1
DA:509,0
DA:510,0
DA:511,0
DA:512,0
DA:514,0
DA:515,0
DA:516,0
DA:517,0
DA:521,7
DA:526,1
DA:527,0
DA:529,7
DA:531,7
DA:532,0
LF:200
LH:118
BRDA:9,1,0,17
BRDA:9,1,1,17
BRDA:9,2,0,17
BRDA:9,2,1,0
BRDA:9,3,0,1
BRDA:9,3,1,0
BRDA:9,4,0,0
BRDA:9,4,1,1
BRDA:11,5,0,0
BRDA:11,5,1,9
BRDA:24,6,0,0
BRDA:24,6,1,0
BRDA:70,7,0,18
BRDA:70,7,1,7
BRDA:70,8,0,25
BRDA:70,8,1,18
BRDA:70,8,2,7
BRDA:76,9,0,0
BRDA:76,9,1,25
BRDA:95,10,0,0
BRDA:95,10,1,0
BRDA:115,11,0,0
BRDA:115,11,1,0
BRDA:117,12,0,0
BRDA:117,12,1,0
BRDA:122,13,0,0
BRDA:122,13,1,0
BRDA:131,14,0,0
BRDA:131,14,1,0
BRDA:154,15,0,0
BRDA:154,15,1,0
BRDA:154,16,0,0
BRDA:154,16,1,0
BRDA:162,17,0,0
BRDA:162,17,1,0
BRDA:165,18,0,0
BRDA:165,18,1,0
BRDA:173,19,0,0
BRDA:173,19,1,0
BRDA:190,20,0,14
BRDA:190,20,1,2
BRDA:220,21,0,32
BRDA:220,21,1,16
BRDA:221,22,0,16
BRDA:221,22,1,0
BRDA:223,23,0,16
BRDA:223,23,1,0
BRDA:223,24,0,16
BRDA:223,24,1,0
BRDA:228,25,0,16
BRDA:228,25,1,0
BRDA:230,26,0,16
BRDA:230,26,1,0
BRDA:230,27,0,16
BRDA:230,27,1,0
BRDA:243,28,0,16
BRDA:243,28,1,16
BRDA:271,29,0,0
BRDA:271,29,1,16
BRDA:288,30,0,0
BRDA:288,30,1,16
BRDA:314,31,0,15
BRDA:314,31,1,1
BRDA:314,32,0,16
BRDA:314,32,1,15
BRDA:330,33,0,9
BRDA:330,33,1,9
BRDA:330,34,0,18
BRDA:330,34,1,9
BRDA:355,35,0,28
BRDA:355,35,1,0
BRDA:386,36,0,16
BRDA:386,36,1,0
BRDA:390,37,0,16
BRDA:390,37,1,16
BRDA:392,38,0,0
BRDA:392,38,1,0
BRDA:394,39,0,0
BRDA:394,39,1,0
BRDA:408,40,0,0
BRDA:408,40,1,0
BRDA:427,41,0,0
BRDA:427,41,1,0
BRDA:457,42,0,3
BRDA:457,42,1,7
BRDA:487,43,0,7
BRDA:487,43,1,4
BRDA:493,44,0,14
BRDA:493,44,1,0
BRDA:509,45,0,0
BRDA:509,45,1,0
BRF:91
BRH:43
end_of_record
TN:
SF:/Users/bob/WebstormProjects/ui-listView/src/ui-listViewAnchor.js
FN:11,(anonymous_1)
FN:15,link
FN:19,updateAnchor
FNF:3
FNH:3
FNDA:7,(anonymous_1)
FNDA:7,link
FNDA:14,updateAnchor
DA:11,1
DA:13,7
DA:16,7
DA:18,7
DA:20,14
LF:5
LH:5
BRF:0
BRH:0
end_of_record
TN:
SF:/Users/bob/WebstormProjects/ui-listView/src/ui-listViewCell.js
FN:17,(anonymous_1)
FN:21,link
FN:26,(anonymous_3)
FN:34,updateOffset
FN:38,updateSize
FN:48,updateRow
FN:56,(anonymous_7)
FN:58,(anonymous_8)
FNF:8
FNH:1
FNDA:7,(anonymous_1)
FNDA:0,link
FNDA:0,(anonymous_3)
FNDA:0,updateOffset
FNDA:0,updateSize
FNDA:0,updateRow
FNDA:0,(anonymous_7)
FNDA:0,(anonymous_8)
DA:17,1
DA:19,7
DA:22,0
DA:23,0
DA:24,0
DA:26,0
DA:27,0
DA:28,0
DA:29,0
DA:30,0
DA:31,0
DA:34,1
DA:35,0
DA:38,1
DA:39,0
DA:40,0
DA:41,0
DA:43,0
DA:44,0
DA:48,1
DA:49,0
DA:50,0
DA:51,0
DA:52,0
DA:53,0
DA:56,0
DA:57,0
DA:59,0
DA:62,0
DA:67,0
LF:30
LH:5
BRDA:41,1,0,0
BRDA:41,1,1,0
BRF:2
BRH:0
end_of_record
